<?xml version="1.0" encoding="UTF-8"?>
<testng-results skipped="0" failed="0" total="3" passed="3">
  <reporter-output>
  </reporter-output>
  <suite name="Suite" duration-ms="63690" started-at="2019-12-05T12:55:57Z" finished-at="2019-12-05T12:57:01Z">
    <groups>
    </groups>
    <test name="Test" duration-ms="63690" started-at="2019-12-05T12:55:57Z" finished-at="2019-12-05T12:57:01Z">
      <class name="basicTest.LoginTest">
        <test-method status="PASS" signature="test1()[pri:0, instance:basicTest.LoginTest@475530b9]" name="test1" duration-ms="7387" started-at="2019-12-05T18:25:57Z" finished-at="2019-12-05T18:26:04Z">
          <reporter-output>
          </reporter-output>
        </test-method> <!-- test1 -->
        <test-method status="PASS" signature="test2()[pri:1, instance:basicTest.LoginTest@475530b9]" name="test2" duration-ms="4121" started-at="2019-12-05T18:26:04Z" finished-at="2019-12-05T18:26:08Z">
          <reporter-output>
          </reporter-output>
        </test-method> <!-- test2 -->
        <test-method status="PASS" signature="test3()[pri:2, instance:basicTest.LoginTest@475530b9]" name="test3" duration-ms="52160" started-at="2019-12-05T18:26:08Z" finished-at="2019-12-05T18:27:01Z">
          <reporter-output>
          </reporter-output>
        </test-method> <!-- test3 -->
      </class> <!-- basicTest.LoginTest -->
    </test> <!-- Test -->
  </suite> <!-- Suite -->
</testng-results>
